==5623== Memcheck, a memory error detector
==5623== Copyright (C) 2002-2015, and GNU GPL'd, by Julian Seward et al.
==5623== Using Valgrind-3.11.0 and LibVEX; rerun with -h for copyright info
==5623== Command: ./test/test
==5623== Parent PID: 3984
==5623== 
==5626== 
==5626== HEAP SUMMARY:
==5626==     in use at exit: 2,340 bytes in 60 blocks
==5626==   total heap usage: 92 allocs, 32 frees, 25,647 bytes allocated
==5626== 
==5626== LEAK SUMMARY:
==5626==    definitely lost: 0 bytes in 0 blocks
==5626==    indirectly lost: 0 bytes in 0 blocks
==5626==      possibly lost: 0 bytes in 0 blocks
==5626==    still reachable: 2,340 bytes in 60 blocks
==5626==         suppressed: 0 bytes in 0 blocks
==5626== Reachable blocks (those to which a pointer was found) are not shown.
==5626== To see them, rerun with: --leak-check=full --show-leak-kinds=all
==5626== 
==5626== For counts of detected and suppressed errors, rerun with: -v
==5626== ERROR SUMMARY: 0 errors from 0 contexts (suppressed: 0 from 0)
==5627== 
==5627== HEAP SUMMARY:
==5627==     in use at exit: 2,417 bytes in 63 blocks
==5627==   total heap usage: 103 allocs, 40 frees, 38,744 bytes allocated
==5627== 
==5627== LEAK SUMMARY:
==5627==    definitely lost: 0 bytes in 0 blocks
==5627==    indirectly lost: 0 bytes in 0 blocks
==5627==      possibly lost: 0 bytes in 0 blocks
==5627==    still reachable: 2,417 bytes in 63 blocks
==5627==         suppressed: 0 bytes in 0 blocks
==5627== Reachable blocks (those to which a pointer was found) are not shown.
==5627== To see them, rerun with: --leak-check=full --show-leak-kinds=all
==5627== 
==5627== For counts of detected and suppressed errors, rerun with: -v
==5627== ERROR SUMMARY: 0 errors from 0 contexts (suppressed: 0 from 0)
==5628== 
==5628== HEAP SUMMARY:
==5628==     in use at exit: 2,502 bytes in 66 blocks
==5628==   total heap usage: 115 allocs, 49 frees, 51,857 bytes allocated
==5628== 
==5628== LEAK SUMMARY:
==5628==    definitely lost: 0 bytes in 0 blocks
==5628==    indirectly lost: 0 bytes in 0 blocks
==5628==      possibly lost: 0 bytes in 0 blocks
==5628==    still reachable: 2,502 bytes in 66 blocks
==5628==         suppressed: 0 bytes in 0 blocks
==5628== Reachable blocks (those to which a pointer was found) are not shown.
==5628== To see them, rerun with: --leak-check=full --show-leak-kinds=all
==5628== 
==5628== For counts of detected and suppressed errors, rerun with: -v
==5628== ERROR SUMMARY: 0 errors from 0 contexts (suppressed: 0 from 0)
==5623== 
==5623== HEAP SUMMARY:
==5623==     in use at exit: 0 bytes in 0 blocks
==5623==   total heap usage: 116 allocs, 116 frees, 61,024 bytes allocated
==5623== 
==5623== All heap blocks were freed -- no leaks are possible
==5623== 
==5623== For counts of detected and suppressed errors, rerun with: -v
==5623== ERROR SUMMARY: 0 errors from 0 contexts (suppressed: 0 from 0)
