==20967== Memcheck, a memory error detector
==20967== Copyright (C) 2002-2015, and GNU GPL'd, by Julian Seward et al.
==20967== Using Valgrind-3.11.0 and LibVEX; rerun with -h for copyright info
==20967== Command: ./test/test
==20967== Parent PID: 3984
==20967== 
==20970== 
==20970== HEAP SUMMARY:
==20970==     in use at exit: 2,012 bytes in 45 blocks
==20970==   total heap usage: 66 allocs, 21 frees, 25,092 bytes allocated
==20970== 
==20970== LEAK SUMMARY:
==20970==    definitely lost: 0 bytes in 0 blocks
==20970==    indirectly lost: 0 bytes in 0 blocks
==20970==      possibly lost: 0 bytes in 0 blocks
==20970==    still reachable: 2,012 bytes in 45 blocks
==20970==         suppressed: 0 bytes in 0 blocks
==20970== Reachable blocks (those to which a pointer was found) are not shown.
==20970== To see them, rerun with: --leak-check=full --show-leak-kinds=all
==20970== 
==20970== For counts of detected and suppressed errors, rerun with: -v
==20970== ERROR SUMMARY: 0 errors from 0 contexts (suppressed: 0 from 0)
==20971== 
==20971== HEAP SUMMARY:
==20971==     in use at exit: 2,089 bytes in 48 blocks
==20971==   total heap usage: 77 allocs, 29 frees, 38,189 bytes allocated
==20971== 
==20971== LEAK SUMMARY:
==20971==    definitely lost: 0 bytes in 0 blocks
==20971==    indirectly lost: 0 bytes in 0 blocks
==20971==      possibly lost: 0 bytes in 0 blocks
==20971==    still reachable: 2,089 bytes in 48 blocks
==20971==         suppressed: 0 bytes in 0 blocks
==20971== Reachable blocks (those to which a pointer was found) are not shown.
==20971== To see them, rerun with: --leak-check=full --show-leak-kinds=all
==20971== 
==20971== For counts of detected and suppressed errors, rerun with: -v
==20971== ERROR SUMMARY: 0 errors from 0 contexts (suppressed: 0 from 0)
==20967== 
==20967== HEAP SUMMARY:
==20967==     in use at exit: 0 bytes in 0 blocks
==20967==   total heap usage: 87 allocs, 87 frees, 47,451 bytes allocated
==20967== 
==20967== All heap blocks were freed -- no leaks are possible
==20967== 
==20967== For counts of detected and suppressed errors, rerun with: -v
==20967== ERROR SUMMARY: 0 errors from 0 contexts (suppressed: 0 from 0)
