==10628== Memcheck, a memory error detector
==10628== Copyright (C) 2002-2015, and GNU GPL'd, by Julian Seward et al.
==10628== Using Valgrind-3.11.0 and LibVEX; rerun with -h for copyright info
==10628== Command: ./test/test
==10628== Parent PID: 5789
==10628== 
==10631== 
==10631== HEAP SUMMARY:
==10631==     in use at exit: 2,652 bytes in 75 blocks
==10631==   total heap usage: 129 allocs, 54 frees, 37,076 bytes allocated
==10631== 
==10631== LEAK SUMMARY:
==10631==    definitely lost: 0 bytes in 0 blocks
==10631==    indirectly lost: 0 bytes in 0 blocks
==10631==      possibly lost: 0 bytes in 0 blocks
==10631==    still reachable: 2,652 bytes in 75 blocks
==10631==         suppressed: 0 bytes in 0 blocks
==10631== Reachable blocks (those to which a pointer was found) are not shown.
==10631== To see them, rerun with: --leak-check=full --show-leak-kinds=all
==10631== 
==10631== For counts of detected and suppressed errors, rerun with: -v
==10631== ERROR SUMMARY: 0 errors from 0 contexts (suppressed: 0 from 0)
==10632== 
==10632== HEAP SUMMARY:
==10632==     in use at exit: 2,729 bytes in 78 blocks
==10632==   total heap usage: 149 allocs, 71 frees, 49,733 bytes allocated
==10632== 
==10632== LEAK SUMMARY:
==10632==    definitely lost: 0 bytes in 0 blocks
==10632==    indirectly lost: 0 bytes in 0 blocks
==10632==      possibly lost: 0 bytes in 0 blocks
==10632==    still reachable: 2,729 bytes in 78 blocks
==10632==         suppressed: 0 bytes in 0 blocks
==10632== Reachable blocks (those to which a pointer was found) are not shown.
==10632== To see them, rerun with: --leak-check=full --show-leak-kinds=all
==10632== 
==10632== For counts of detected and suppressed errors, rerun with: -v
==10632== ERROR SUMMARY: 0 errors from 0 contexts (suppressed: 0 from 0)
==10633== 
==10633== HEAP SUMMARY:
==10633==     in use at exit: 2,814 bytes in 81 blocks
==10633==   total heap usage: 132 allocs, 51 frees, 55,254 bytes allocated
==10633== 
==10633== LEAK SUMMARY:
==10633==    definitely lost: 0 bytes in 0 blocks
==10633==    indirectly lost: 0 bytes in 0 blocks
==10633==      possibly lost: 0 bytes in 0 blocks
==10633==    still reachable: 2,814 bytes in 81 blocks
==10633==         suppressed: 0 bytes in 0 blocks
==10633== Reachable blocks (those to which a pointer was found) are not shown.
==10633== To see them, rerun with: --leak-check=full --show-leak-kinds=all
==10633== 
==10633== For counts of detected and suppressed errors, rerun with: -v
==10633== ERROR SUMMARY: 0 errors from 0 contexts (suppressed: 0 from 0)
==10634== 
==10634== HEAP SUMMARY:
==10634==     in use at exit: 2,907 bytes in 84 blocks
==10634==   total heap usage: 144 allocs, 60 frees, 68,383 bytes allocated
==10634== 
==10634== LEAK SUMMARY:
==10634==    definitely lost: 0 bytes in 0 blocks
==10634==    indirectly lost: 0 bytes in 0 blocks
==10634==      possibly lost: 0 bytes in 0 blocks
==10634==    still reachable: 2,907 bytes in 84 blocks
==10634==         suppressed: 0 bytes in 0 blocks
==10634== Reachable blocks (those to which a pointer was found) are not shown.
==10634== To see them, rerun with: --leak-check=full --show-leak-kinds=all
==10634== 
==10634== For counts of detected and suppressed errors, rerun with: -v
==10634== ERROR SUMMARY: 0 errors from 0 contexts (suppressed: 0 from 0)
==10628== 
==10628== HEAP SUMMARY:
==10628==     in use at exit: 0 bytes in 0 blocks
==10628==   total heap usage: 143 allocs, 143 frees, 74,533 bytes allocated
==10628== 
==10628== All heap blocks were freed -- no leaks are possible
==10628== 
==10628== For counts of detected and suppressed errors, rerun with: -v
==10628== ERROR SUMMARY: 0 errors from 0 contexts (suppressed: 0 from 0)
