==16842== Memcheck, a memory error detector
==16842== Copyright (C) 2002-2015, and GNU GPL'd, by Julian Seward et al.
==16842== Using Valgrind-3.11.0 and LibVEX; rerun with -h for copyright info
==16842== Command: ./test/test
==16842== Parent PID: 2646
==16842== 
==16845== 
==16845== HEAP SUMMARY:
==16845==     in use at exit: 2,652 bytes in 75 blocks
==16845==   total heap usage: 107 allocs, 32 frees, 25,897 bytes allocated
==16845== 
==16845== LEAK SUMMARY:
==16845==    definitely lost: 0 bytes in 0 blocks
==16845==    indirectly lost: 0 bytes in 0 blocks
==16845==      possibly lost: 0 bytes in 0 blocks
==16845==    still reachable: 2,652 bytes in 75 blocks
==16845==         suppressed: 0 bytes in 0 blocks
==16845== Reachable blocks (those to which a pointer was found) are not shown.
==16845== To see them, rerun with: --leak-check=full --show-leak-kinds=all
==16845== 
==16845== For counts of detected and suppressed errors, rerun with: -v
==16845== ERROR SUMMARY: 0 errors from 0 contexts (suppressed: 0 from 0)
==16846== 
==16846== HEAP SUMMARY:
==16846==     in use at exit: 2,729 bytes in 78 blocks
==16846==   total heap usage: 126 allocs, 48 frees, 39,117 bytes allocated
==16846== 
==16846== LEAK SUMMARY:
==16846==    definitely lost: 0 bytes in 0 blocks
==16846==    indirectly lost: 0 bytes in 0 blocks
==16846==      possibly lost: 0 bytes in 0 blocks
==16846==    still reachable: 2,729 bytes in 78 blocks
==16846==         suppressed: 0 bytes in 0 blocks
==16846== Reachable blocks (those to which a pointer was found) are not shown.
==16846== To see them, rerun with: --leak-check=full --show-leak-kinds=all
==16846== 
==16846== For counts of detected and suppressed errors, rerun with: -v
==16846== ERROR SUMMARY: 0 errors from 0 contexts (suppressed: 0 from 0)
==16847== 
==16847== HEAP SUMMARY:
==16847==     in use at exit: 2,814 bytes in 81 blocks
==16847==   total heap usage: 149 allocs, 68 frees, 52,366 bytes allocated
==16847== 
==16847== LEAK SUMMARY:
==16847==    definitely lost: 0 bytes in 0 blocks
==16847==    indirectly lost: 0 bytes in 0 blocks
==16847==      possibly lost: 0 bytes in 0 blocks
==16847==    still reachable: 2,814 bytes in 81 blocks
==16847==         suppressed: 0 bytes in 0 blocks
==16847== Reachable blocks (those to which a pointer was found) are not shown.
==16847== To see them, rerun with: --leak-check=full --show-leak-kinds=all
==16847== 
==16847== For counts of detected and suppressed errors, rerun with: -v
==16847== ERROR SUMMARY: 0 errors from 0 contexts (suppressed: 0 from 0)
==16848== 
==16848== HEAP SUMMARY:
==16848==     in use at exit: 2,907 bytes in 84 blocks
==16848==   total heap usage: 159 allocs, 75 frees, 65,458 bytes allocated
==16848== 
==16848== LEAK SUMMARY:
==16848==    definitely lost: 0 bytes in 0 blocks
==16848==    indirectly lost: 0 bytes in 0 blocks
==16848==      possibly lost: 0 bytes in 0 blocks
==16848==    still reachable: 2,907 bytes in 84 blocks
==16848==         suppressed: 0 bytes in 0 blocks
==16848== Reachable blocks (those to which a pointer was found) are not shown.
==16848== To see them, rerun with: --leak-check=full --show-leak-kinds=all
==16848== 
==16848== For counts of detected and suppressed errors, rerun with: -v
==16848== ERROR SUMMARY: 0 errors from 0 contexts (suppressed: 0 from 0)
==16842== 
==16842== HEAP SUMMARY:
==16842==     in use at exit: 0 bytes in 0 blocks
==16842==   total heap usage: 167 allocs, 167 frees, 74,869 bytes allocated
==16842== 
==16842== All heap blocks were freed -- no leaks are possible
==16842== 
==16842== For counts of detected and suppressed errors, rerun with: -v
==16842== ERROR SUMMARY: 0 errors from 0 contexts (suppressed: 0 from 0)
