==12771== Memcheck, a memory error detector
==12771== Copyright (C) 2002-2015, and GNU GPL'd, by Julian Seward et al.
==12771== Using Valgrind-3.11.0 and LibVEX; rerun with -h for copyright info
==12771== Command: ./test/test
==12771== Parent PID: 8491
==12771== 
==12775== 
==12775== HEAP SUMMARY:
==12775==     in use at exit: 1,790 bytes in 31 blocks
==12775==   total heap usage: 52 allocs, 21 frees, 24,870 bytes allocated
==12775== 
==12775== 100 bytes in 1 blocks are definitely lost in loss record 29 of 31
==12775==    at 0x4C2DB8F: malloc (in /usr/lib/valgrind/vgpreload_memcheck-amd64-linux.so)
==12775==    by 0x401EF4: test_mastermind (test_source.c:29)
==12775==    by 0x406652: srunner_run (in /home/andrew/NetBeansProjects/2016-aalto-c/Module_2-03_mastermind/test/test)
==12775==    by 0x402460: tmc_run_tests (tmc-check.c:122)
==12775==    by 0x40211B: main (test_source.c:53)
==12775== 
==12775== LEAK SUMMARY:
==12775==    definitely lost: 100 bytes in 1 blocks
==12775==    indirectly lost: 0 bytes in 0 blocks
==12775==      possibly lost: 0 bytes in 0 blocks
==12775==    still reachable: 1,690 bytes in 30 blocks
==12775==         suppressed: 0 bytes in 0 blocks
==12775== Reachable blocks (those to which a pointer was found) are not shown.
==12775== To see them, rerun with: --leak-check=full --show-leak-kinds=all
==12775== 
==12775== For counts of detected and suppressed errors, rerun with: -v
==12775== ERROR SUMMARY: 1 errors from 1 contexts (suppressed: 0 from 0)
==12771== 
==12771== HEAP SUMMARY:
==12771==     in use at exit: 0 bytes in 0 blocks
==12771==   total heap usage: 58 allocs, 58 frees, 33,908 bytes allocated
==12771== 
==12771== All heap blocks were freed -- no leaks are possible
==12771== 
==12771== For counts of detected and suppressed errors, rerun with: -v
==12771== ERROR SUMMARY: 0 errors from 0 contexts (suppressed: 0 from 0)
