==18284== Memcheck, a memory error detector
==18284== Copyright (C) 2002-2015, and GNU GPL'd, by Julian Seward et al.
==18284== Using Valgrind-3.11.0 and LibVEX; rerun with -h for copyright info
==18284== Command: ./test/test
==18284== Parent PID: 26004
==18284== 
==18287== 
==18287== HEAP SUMMARY:
==18287==     in use at exit: 2,012 bytes in 45 blocks
==18287==   total heap usage: 73 allocs, 28 frees, 37,488 bytes allocated
==18287== 
==18287== LEAK SUMMARY:
==18287==    definitely lost: 0 bytes in 0 blocks
==18287==    indirectly lost: 0 bytes in 0 blocks
==18287==      possibly lost: 0 bytes in 0 blocks
==18287==    still reachable: 2,012 bytes in 45 blocks
==18287==         suppressed: 0 bytes in 0 blocks
==18287== Reachable blocks (those to which a pointer was found) are not shown.
==18287== To see them, rerun with: --leak-check=full --show-leak-kinds=all
==18287== 
==18287== For counts of detected and suppressed errors, rerun with: -v
==18287== ERROR SUMMARY: 0 errors from 0 contexts (suppressed: 0 from 0)
==18288== 
==18288== HEAP SUMMARY:
==18288==     in use at exit: 2,089 bytes in 48 blocks
==18288==   total heap usage: 106 allocs, 58 frees, 39,649 bytes allocated
==18288== 
==18288== LEAK SUMMARY:
==18288==    definitely lost: 0 bytes in 0 blocks
==18288==    indirectly lost: 0 bytes in 0 blocks
==18288==      possibly lost: 0 bytes in 0 blocks
==18288==    still reachable: 2,089 bytes in 48 blocks
==18288==         suppressed: 0 bytes in 0 blocks
==18288== Reachable blocks (those to which a pointer was found) are not shown.
==18288== To see them, rerun with: --leak-check=full --show-leak-kinds=all
==18288== 
==18288== For counts of detected and suppressed errors, rerun with: -v
==18288== ERROR SUMMARY: 0 errors from 0 contexts (suppressed: 0 from 0)
==18284== 
==18284== HEAP SUMMARY:
==18284==     in use at exit: 0 bytes in 0 blocks
==18284==   total heap usage: 87 allocs, 87 frees, 47,451 bytes allocated
==18284== 
==18284== All heap blocks were freed -- no leaks are possible
==18284== 
==18284== For counts of detected and suppressed errors, rerun with: -v
==18284== ERROR SUMMARY: 0 errors from 0 contexts (suppressed: 0 from 0)
