==11451== Memcheck, a memory error detector
==11451== Copyright (C) 2002-2015, and GNU GPL'd, by Julian Seward et al.
==11451== Using Valgrind-3.11.0 and LibVEX; rerun with -h for copyright info
==11451== Command: ./test/test
==11451== Parent PID: 5855
==11451== 
==11454== 
==11454== HEAP SUMMARY:
==11454==     in use at exit: 2,652 bytes in 75 blocks
==11454==   total heap usage: 109 allocs, 34 frees, 26,036 bytes allocated
==11454== 
==11454== LEAK SUMMARY:
==11454==    definitely lost: 0 bytes in 0 blocks
==11454==    indirectly lost: 0 bytes in 0 blocks
==11454==      possibly lost: 0 bytes in 0 blocks
==11454==    still reachable: 2,652 bytes in 75 blocks
==11454==         suppressed: 0 bytes in 0 blocks
==11454== Reachable blocks (those to which a pointer was found) are not shown.
==11454== To see them, rerun with: --leak-check=full --show-leak-kinds=all
==11454== 
==11454== For counts of detected and suppressed errors, rerun with: -v
==11454== ERROR SUMMARY: 0 errors from 0 contexts (suppressed: 0 from 0)
==11455== 
==11455== HEAP SUMMARY:
==11455==     in use at exit: 2,729 bytes in 78 blocks
==11455==   total heap usage: 125 allocs, 47 frees, 47,916 bytes allocated
==11455== 
==11455== LEAK SUMMARY:
==11455==    definitely lost: 0 bytes in 0 blocks
==11455==    indirectly lost: 0 bytes in 0 blocks
==11455==      possibly lost: 0 bytes in 0 blocks
==11455==    still reachable: 2,729 bytes in 78 blocks
==11455==         suppressed: 0 bytes in 0 blocks
==11455== Reachable blocks (those to which a pointer was found) are not shown.
==11455== To see them, rerun with: --leak-check=full --show-leak-kinds=all
==11455== 
==11455== For counts of detected and suppressed errors, rerun with: -v
==11455== ERROR SUMMARY: 0 errors from 0 contexts (suppressed: 0 from 0)
==11456== 
==11456== HEAP SUMMARY:
==11456==     in use at exit: 3,934 bytes in 125 blocks
==11456==   total heap usage: 171 allocs, 46 frees, 69,498 bytes allocated
==11456== 
==11456== 840 (240 direct, 600 indirect) bytes in 3 blocks are definitely lost in loss record 82 of 82
==11456==    at 0x4C2DB8F: malloc (in /usr/lib/valgrind/vgpreload_memcheck-amd64-linux.so)
==11456==    by 0x403A9C: create_field (shiplib.c:20)
==11456==    by 0x402388: try_shoot (test_source.c:99)
==11456==    by 0x402AB0: test_shoot (test_source.c:207)
==11456==    by 0x407B92: srunner_run (in /home/andrew/NetBeansProjects/2016-aalto-c/Module_1-09_ships/test/test)
==11456==    by 0x40313C: tmc_run_tests (tmc-check.c:122)
==11456==    by 0x402DF7: main (test_source.c:277)
==11456== 
==11456== LEAK SUMMARY:
==11456==    definitely lost: 240 bytes in 3 blocks
==11456==    indirectly lost: 600 bytes in 30 blocks
==11456==      possibly lost: 0 bytes in 0 blocks
==11456==    still reachable: 3,094 bytes in 92 blocks
==11456==         suppressed: 0 bytes in 0 blocks
==11456== Reachable blocks (those to which a pointer was found) are not shown.
==11456== To see them, rerun with: --leak-check=full --show-leak-kinds=all
==11456== 
==11456== For counts of detected and suppressed errors, rerun with: -v
==11456== ERROR SUMMARY: 1 errors from 1 contexts (suppressed: 0 from 0)
==11457== 
==11457== HEAP SUMMARY:
==11457==     in use at exit: 4,307 bytes in 139 blocks
==11457==   total heap usage: 190 allocs, 51 frees, 66,523 bytes allocated
==11457== 
==11457== 1,120 (320 direct, 800 indirect) bytes in 4 blocks are definitely lost in loss record 82 of 82
==11457==    at 0x4C2DB8F: malloc (in /usr/lib/valgrind/vgpreload_memcheck-amd64-linux.so)
==11457==    by 0x403A9C: create_field (shiplib.c:20)
==11457==    by 0x402B3A: test_game_over (test_source.c:217)
==11457==    by 0x407B92: srunner_run (in /home/andrew/NetBeansProjects/2016-aalto-c/Module_1-09_ships/test/test)
==11457==    by 0x40313C: tmc_run_tests (tmc-check.c:122)
==11457==    by 0x402DF7: main (test_source.c:277)
==11457== 
==11457== LEAK SUMMARY:
==11457==    definitely lost: 320 bytes in 4 blocks
==11457==    indirectly lost: 800 bytes in 40 blocks
==11457==      possibly lost: 0 bytes in 0 blocks
==11457==    still reachable: 3,187 bytes in 95 blocks
==11457==         suppressed: 0 bytes in 0 blocks
==11457== Reachable blocks (those to which a pointer was found) are not shown.
==11457== To see them, rerun with: --leak-check=full --show-leak-kinds=all
==11457== 
==11457== For counts of detected and suppressed errors, rerun with: -v
==11457== ERROR SUMMARY: 1 errors from 1 contexts (suppressed: 0 from 0)
==11451== 
==11451== HEAP SUMMARY:
==11451==     in use at exit: 0 bytes in 0 blocks
==11451==   total heap usage: 145 allocs, 145 frees, 74,561 bytes allocated
==11451== 
==11451== All heap blocks were freed -- no leaks are possible
==11451== 
==11451== For counts of detected and suppressed errors, rerun with: -v
==11451== ERROR SUMMARY: 0 errors from 0 contexts (suppressed: 0 from 0)
