==18545== Memcheck, a memory error detector
==18545== Copyright (C) 2002-2015, and GNU GPL'd, by Julian Seward et al.
==18545== Using Valgrind-3.11.0 and LibVEX; rerun with -h for copyright info
==18545== Command: ./test/test
==18545== Parent PID: 5627
==18545== 
==18548== 
==18548== HEAP SUMMARY:
==18548==     in use at exit: 2,012 bytes in 45 blocks
==18548==   total heap usage: 91 allocs, 46 frees, 53,766 bytes allocated
==18548== 
==18548== LEAK SUMMARY:
==18548==    definitely lost: 0 bytes in 0 blocks
==18548==    indirectly lost: 0 bytes in 0 blocks
==18548==      possibly lost: 0 bytes in 0 blocks
==18548==    still reachable: 2,012 bytes in 45 blocks
==18548==         suppressed: 0 bytes in 0 blocks
==18548== Reachable blocks (those to which a pointer was found) are not shown.
==18548== To see them, rerun with: --leak-check=full --show-leak-kinds=all
==18548== 
==18548== For counts of detected and suppressed errors, rerun with: -v
==18548== ERROR SUMMARY: 0 errors from 0 contexts (suppressed: 0 from 0)
==18549== 
==18549== HEAP SUMMARY:
==18549==     in use at exit: 2,089 bytes in 48 blocks
==18549==   total heap usage: 114 allocs, 66 frees, 67,031 bytes allocated
==18549== 
==18549== LEAK SUMMARY:
==18549==    definitely lost: 0 bytes in 0 blocks
==18549==    indirectly lost: 0 bytes in 0 blocks
==18549==      possibly lost: 0 bytes in 0 blocks
==18549==    still reachable: 2,089 bytes in 48 blocks
==18549==         suppressed: 0 bytes in 0 blocks
==18549== Reachable blocks (those to which a pointer was found) are not shown.
==18549== To see them, rerun with: --leak-check=full --show-leak-kinds=all
==18549== 
==18549== For counts of detected and suppressed errors, rerun with: -v
==18549== ERROR SUMMARY: 0 errors from 0 contexts (suppressed: 0 from 0)
==18545== 
==18545== HEAP SUMMARY:
==18545==     in use at exit: 0 bytes in 0 blocks
==18545==   total heap usage: 113 allocs, 113 frees, 52,435 bytes allocated
==18545== 
==18545== All heap blocks were freed -- no leaks are possible
==18545== 
==18545== For counts of detected and suppressed errors, rerun with: -v
==18545== ERROR SUMMARY: 0 errors from 0 contexts (suppressed: 0 from 0)
