==4729== Memcheck, a memory error detector
==4729== Copyright (C) 2002-2015, and GNU GPL'd, by Julian Seward et al.
==4729== Using Valgrind-3.11.0 and LibVEX; rerun with -h for copyright info
==4729== Command: ./test/test
==4729== Parent PID: 2751
==4729== 
==4732== 
==4732== HEAP SUMMARY:
==4732==     in use at exit: 2,012 bytes in 45 blocks
==4732==   total heap usage: 67 allocs, 22 frees, 25,100 bytes allocated
==4732== 
==4732== LEAK SUMMARY:
==4732==    definitely lost: 0 bytes in 0 blocks
==4732==    indirectly lost: 0 bytes in 0 blocks
==4732==      possibly lost: 0 bytes in 0 blocks
==4732==    still reachable: 2,012 bytes in 45 blocks
==4732==         suppressed: 0 bytes in 0 blocks
==4732== Reachable blocks (those to which a pointer was found) are not shown.
==4732== To see them, rerun with: --leak-check=full --show-leak-kinds=all
==4732== 
==4732== For counts of detected and suppressed errors, rerun with: -v
==4732== ERROR SUMMARY: 0 errors from 0 contexts (suppressed: 0 from 0)
==4733== 
==4733== HEAP SUMMARY:
==4733==     in use at exit: 2,089 bytes in 48 blocks
==4733==   total heap usage: 87 allocs, 39 frees, 64,429 bytes allocated
==4733== 
==4733== LEAK SUMMARY:
==4733==    definitely lost: 0 bytes in 0 blocks
==4733==    indirectly lost: 0 bytes in 0 blocks
==4733==      possibly lost: 0 bytes in 0 blocks
==4733==    still reachable: 2,089 bytes in 48 blocks
==4733==         suppressed: 0 bytes in 0 blocks
==4733== Reachable blocks (those to which a pointer was found) are not shown.
==4733== To see them, rerun with: --leak-check=full --show-leak-kinds=all
==4733== 
==4733== For counts of detected and suppressed errors, rerun with: -v
==4733== ERROR SUMMARY: 0 errors from 0 contexts (suppressed: 0 from 0)
==4729== 
==4729== HEAP SUMMARY:
==4729==     in use at exit: 0 bytes in 0 blocks
==4729==   total heap usage: 87 allocs, 87 frees, 47,451 bytes allocated
==4729== 
==4729== All heap blocks were freed -- no leaks are possible
==4729== 
==4729== For counts of detected and suppressed errors, rerun with: -v
==4729== ERROR SUMMARY: 0 errors from 0 contexts (suppressed: 0 from 0)
