==1881== Memcheck, a memory error detector
==1881== Copyright (C) 2002-2015, and GNU GPL'd, by Julian Seward et al.
==1881== Using Valgrind-3.11.0 and LibVEX; rerun with -h for copyright info
==1881== Command: ./test/test
==1881== Parent PID: 4078
==1881== 
==1886== 
==1886== HEAP SUMMARY:
==1886==     in use at exit: 1,690 bytes in 30 blocks
==1886==   total heap usage: 53 allocs, 23 frees, 24,838 bytes allocated
==1886== 
==1886== LEAK SUMMARY:
==1886==    definitely lost: 0 bytes in 0 blocks
==1886==    indirectly lost: 0 bytes in 0 blocks
==1886==      possibly lost: 0 bytes in 0 blocks
==1886==    still reachable: 1,690 bytes in 30 blocks
==1886==         suppressed: 0 bytes in 0 blocks
==1886== Reachable blocks (those to which a pointer was found) are not shown.
==1886== To see them, rerun with: --leak-check=full --show-leak-kinds=all
==1886== 
==1886== For counts of detected and suppressed errors, rerun with: -v
==1886== ERROR SUMMARY: 0 errors from 0 contexts (suppressed: 0 from 0)
==1881== 
==1881== HEAP SUMMARY:
==1881==     in use at exit: 0 bytes in 0 blocks
==1881==   total heap usage: 58 allocs, 58 frees, 33,908 bytes allocated
==1881== 
==1881== All heap blocks were freed -- no leaks are possible
==1881== 
==1881== For counts of detected and suppressed errors, rerun with: -v
==1881== ERROR SUMMARY: 0 errors from 0 contexts (suppressed: 0 from 0)
