==2518== Memcheck, a memory error detector
==2518== Copyright (C) 2002-2015, and GNU GPL'd, by Julian Seward et al.
==2518== Using Valgrind-3.11.0 and LibVEX; rerun with -h for copyright info
==2518== Command: ./test/test
==2518== Parent PID: 15372
==2518== 
==2525== 
==2525== HEAP SUMMARY:
==2525==     in use at exit: 3,346 bytes in 33 blocks
==2525==   total heap usage: 83 allocs, 50 frees, 52,158 bytes allocated
==2525== 
==2525== LEAK SUMMARY:
==2525==    definitely lost: 0 bytes in 0 blocks
==2525==    indirectly lost: 0 bytes in 0 blocks
==2525==      possibly lost: 0 bytes in 0 blocks
==2525==    still reachable: 3,346 bytes in 33 blocks
==2525==         suppressed: 0 bytes in 0 blocks
==2525== Reachable blocks (those to which a pointer was found) are not shown.
==2525== To see them, rerun with: --leak-check=full --show-leak-kinds=all
==2525== 
==2525== For counts of detected and suppressed errors, rerun with: -v
==2525== ERROR SUMMARY: 0 errors from 0 contexts (suppressed: 0 from 0)
==2518== 
==2518== HEAP SUMMARY:
==2518==     in use at exit: 0 bytes in 0 blocks
==2518==   total heap usage: 70 allocs, 70 frees, 34,076 bytes allocated
==2518== 
==2518== All heap blocks were freed -- no leaks are possible
==2518== 
==2518== For counts of detected and suppressed errors, rerun with: -v
==2518== ERROR SUMMARY: 0 errors from 0 contexts (suppressed: 0 from 0)
