==6667== Memcheck, a memory error detector
==6667== Copyright (C) 2002-2015, and GNU GPL'd, by Julian Seward et al.
==6667== Using Valgrind-3.11.0 and LibVEX; rerun with -h for copyright info
==6667== Command: ./test/test
==6667== Parent PID: 5019
==6667== 
==6671== 
==6671== HEAP SUMMARY:
==6671==     in use at exit: 2,012 bytes in 45 blocks
==6671==   total heap usage: 79 allocs, 34 frees, 50,858 bytes allocated
==6671== 
==6671== LEAK SUMMARY:
==6671==    definitely lost: 0 bytes in 0 blocks
==6671==    indirectly lost: 0 bytes in 0 blocks
==6671==      possibly lost: 0 bytes in 0 blocks
==6671==    still reachable: 2,012 bytes in 45 blocks
==6671==         suppressed: 0 bytes in 0 blocks
==6671== Reachable blocks (those to which a pointer was found) are not shown.
==6671== To see them, rerun with: --leak-check=full --show-leak-kinds=all
==6671== 
==6671== For counts of detected and suppressed errors, rerun with: -v
==6671== ERROR SUMMARY: 0 errors from 0 contexts (suppressed: 0 from 0)
==6672== 
==6672== HEAP SUMMARY:
==6672==     in use at exit: 2,089 bytes in 48 blocks
==6672==   total heap usage: 102 allocs, 54 frees, 102,453 bytes allocated
==6672== 
==6672== LEAK SUMMARY:
==6672==    definitely lost: 0 bytes in 0 blocks
==6672==    indirectly lost: 0 bytes in 0 blocks
==6672==      possibly lost: 0 bytes in 0 blocks
==6672==    still reachable: 2,089 bytes in 48 blocks
==6672==         suppressed: 0 bytes in 0 blocks
==6672== Reachable blocks (those to which a pointer was found) are not shown.
==6672== To see them, rerun with: --leak-check=full --show-leak-kinds=all
==6672== 
==6672== For counts of detected and suppressed errors, rerun with: -v
==6672== ERROR SUMMARY: 0 errors from 0 contexts (suppressed: 0 from 0)
==6667== 
==6667== HEAP SUMMARY:
==6667==     in use at exit: 0 bytes in 0 blocks
==6667==   total heap usage: 91 allocs, 91 frees, 47,507 bytes allocated
==6667== 
==6667== All heap blocks were freed -- no leaks are possible
==6667== 
==6667== For counts of detected and suppressed errors, rerun with: -v
==6667== ERROR SUMMARY: 0 errors from 0 contexts (suppressed: 0 from 0)
