==7074== Memcheck, a memory error detector
==7074== Copyright (C) 2002-2015, and GNU GPL'd, by Julian Seward et al.
==7074== Using Valgrind-3.11.0 and LibVEX; rerun with -h for copyright info
==7074== Command: ./test/test
==7074== Parent PID: 4078
==7074== 
==7078== 
==7078== HEAP SUMMARY:
==7078==     in use at exit: 2,652 bytes in 75 blocks
==7078==   total heap usage: 110 allocs, 35 frees, 25,990 bytes allocated
==7078== 
==7078== LEAK SUMMARY:
==7078==    definitely lost: 0 bytes in 0 blocks
==7078==    indirectly lost: 0 bytes in 0 blocks
==7078==      possibly lost: 0 bytes in 0 blocks
==7078==    still reachable: 2,652 bytes in 75 blocks
==7078==         suppressed: 0 bytes in 0 blocks
==7078== Reachable blocks (those to which a pointer was found) are not shown.
==7078== To see them, rerun with: --leak-check=full --show-leak-kinds=all
==7078== 
==7078== For counts of detected and suppressed errors, rerun with: -v
==7078== ERROR SUMMARY: 0 errors from 0 contexts (suppressed: 0 from 0)
==7079== 
==7079== HEAP SUMMARY:
==7079==     in use at exit: 2,729 bytes in 78 blocks
==7079==   total heap usage: 131 allocs, 53 frees, 39,216 bytes allocated
==7079== 
==7079== LEAK SUMMARY:
==7079==    definitely lost: 0 bytes in 0 blocks
==7079==    indirectly lost: 0 bytes in 0 blocks
==7079==      possibly lost: 0 bytes in 0 blocks
==7079==    still reachable: 2,729 bytes in 78 blocks
==7079==         suppressed: 0 bytes in 0 blocks
==7079== Reachable blocks (those to which a pointer was found) are not shown.
==7079== To see them, rerun with: --leak-check=full --show-leak-kinds=all
==7079== 
==7079== For counts of detected and suppressed errors, rerun with: -v
==7079== ERROR SUMMARY: 0 errors from 0 contexts (suppressed: 0 from 0)
==7080== 
==7080== HEAP SUMMARY:
==7080==     in use at exit: 2,814 bytes in 81 blocks
==7080==   total heap usage: 155 allocs, 74 frees, 52,508 bytes allocated
==7080== 
==7080== LEAK SUMMARY:
==7080==    definitely lost: 0 bytes in 0 blocks
==7080==    indirectly lost: 0 bytes in 0 blocks
==7080==      possibly lost: 0 bytes in 0 blocks
==7080==    still reachable: 2,814 bytes in 81 blocks
==7080==         suppressed: 0 bytes in 0 blocks
==7080== Reachable blocks (those to which a pointer was found) are not shown.
==7080== To see them, rerun with: --leak-check=full --show-leak-kinds=all
==7080== 
==7080== For counts of detected and suppressed errors, rerun with: -v
==7080== ERROR SUMMARY: 0 errors from 0 contexts (suppressed: 0 from 0)
==7081== 
==7081== HEAP SUMMARY:
==7081==     in use at exit: 2,907 bytes in 84 blocks
==7081==   total heap usage: 179 allocs, 95 frees, 65,805 bytes allocated
==7081== 
==7081== LEAK SUMMARY:
==7081==    definitely lost: 0 bytes in 0 blocks
==7081==    indirectly lost: 0 bytes in 0 blocks
==7081==      possibly lost: 0 bytes in 0 blocks
==7081==    still reachable: 2,907 bytes in 84 blocks
==7081==         suppressed: 0 bytes in 0 blocks
==7081== Reachable blocks (those to which a pointer was found) are not shown.
==7081== To see them, rerun with: --leak-check=full --show-leak-kinds=all
==7081== 
==7081== For counts of detected and suppressed errors, rerun with: -v
==7081== ERROR SUMMARY: 0 errors from 0 contexts (suppressed: 0 from 0)
==7074== 
==7074== HEAP SUMMARY:
==7074==     in use at exit: 224 bytes in 12 blocks
==7074==   total heap usage: 189 allocs, 177 frees, 75,177 bytes allocated
==7074== 
==7074== LEAK SUMMARY:
==7074==    definitely lost: 0 bytes in 0 blocks
==7074==    indirectly lost: 0 bytes in 0 blocks
==7074==      possibly lost: 0 bytes in 0 blocks
==7074==    still reachable: 224 bytes in 12 blocks
==7074==         suppressed: 0 bytes in 0 blocks
==7074== Reachable blocks (those to which a pointer was found) are not shown.
==7074== To see them, rerun with: --leak-check=full --show-leak-kinds=all
==7074== 
==7074== For counts of detected and suppressed errors, rerun with: -v
==7074== ERROR SUMMARY: 0 errors from 0 contexts (suppressed: 0 from 0)
