==6081== Memcheck, a memory error detector
==6081== Copyright (C) 2002-2015, and GNU GPL'd, by Julian Seward et al.
==6081== Using Valgrind-3.11.0 and LibVEX; rerun with -h for copyright info
==6081== Command: ./test/test
==6081== Parent PID: 26004
==6081== 
==6085== 
==6085== HEAP SUMMARY:
==6085==     in use at exit: 1,986 bytes in 43 blocks
==6085==   total heap usage: 66 allocs, 23 frees, 25,098 bytes allocated
==6085== 
==6085== LEAK SUMMARY:
==6085==    definitely lost: 0 bytes in 0 blocks
==6085==    indirectly lost: 0 bytes in 0 blocks
==6085==      possibly lost: 0 bytes in 0 blocks
==6085==    still reachable: 1,986 bytes in 43 blocks
==6085==         suppressed: 0 bytes in 0 blocks
==6085== Reachable blocks (those to which a pointer was found) are not shown.
==6085== To see them, rerun with: --leak-check=full --show-leak-kinds=all
==6085== 
==6085== For counts of detected and suppressed errors, rerun with: -v
==6085== ERROR SUMMARY: 0 errors from 0 contexts (suppressed: 0 from 0)
==6086== 
==6086== HEAP SUMMARY:
==6086==     in use at exit: 2,063 bytes in 46 blocks
==6086==   total heap usage: 80 allocs, 34 frees, 46,939 bytes allocated
==6086== 
==6086== LEAK SUMMARY:
==6086==    definitely lost: 0 bytes in 0 blocks
==6086==    indirectly lost: 0 bytes in 0 blocks
==6086==      possibly lost: 0 bytes in 0 blocks
==6086==    still reachable: 2,063 bytes in 46 blocks
==6086==         suppressed: 0 bytes in 0 blocks
==6086== Reachable blocks (those to which a pointer was found) are not shown.
==6086== To see them, rerun with: --leak-check=full --show-leak-kinds=all
==6086== 
==6086== For counts of detected and suppressed errors, rerun with: -v
==6086== ERROR SUMMARY: 0 errors from 0 contexts (suppressed: 0 from 0)
==6081== 
==6081== HEAP SUMMARY:
==6081==     in use at exit: 0 bytes in 0 blocks
==6081==   total heap usage: 85 allocs, 85 frees, 47,425 bytes allocated
==6081== 
==6081== All heap blocks were freed -- no leaks are possible
==6081== 
==6081== For counts of detected and suppressed errors, rerun with: -v
==6081== ERROR SUMMARY: 0 errors from 0 contexts (suppressed: 0 from 0)
