==11171== Memcheck, a memory error detector
==11171== Copyright (C) 2002-2015, and GNU GPL'd, by Julian Seward et al.
==11171== Using Valgrind-3.11.0 and LibVEX; rerun with -h for copyright info
==11171== Command: ./test/test
==11171== Parent PID: 5855
==11171== 
==11174== 
==11174== HEAP SUMMARY:
==11174==     in use at exit: 2,012 bytes in 45 blocks
==11174==   total heap usage: 70 allocs, 25 frees, 33,844 bytes allocated
==11174== 
==11174== LEAK SUMMARY:
==11174==    definitely lost: 0 bytes in 0 blocks
==11174==    indirectly lost: 0 bytes in 0 blocks
==11174==      possibly lost: 0 bytes in 0 blocks
==11174==    still reachable: 2,012 bytes in 45 blocks
==11174==         suppressed: 0 bytes in 0 blocks
==11174== Reachable blocks (those to which a pointer was found) are not shown.
==11174== To see them, rerun with: --leak-check=full --show-leak-kinds=all
==11174== 
==11174== For counts of detected and suppressed errors, rerun with: -v
==11174== ERROR SUMMARY: 0 errors from 0 contexts (suppressed: 0 from 0)
==11175== 
==11175== HEAP SUMMARY:
==11175==     in use at exit: 2,089 bytes in 48 blocks
==11175==   total heap usage: 84 allocs, 36 frees, 55,685 bytes allocated
==11175== 
==11175== LEAK SUMMARY:
==11175==    definitely lost: 0 bytes in 0 blocks
==11175==    indirectly lost: 0 bytes in 0 blocks
==11175==      possibly lost: 0 bytes in 0 blocks
==11175==    still reachable: 2,089 bytes in 48 blocks
==11175==         suppressed: 0 bytes in 0 blocks
==11175== Reachable blocks (those to which a pointer was found) are not shown.
==11175== To see them, rerun with: --leak-check=full --show-leak-kinds=all
==11175== 
==11175== For counts of detected and suppressed errors, rerun with: -v
==11175== ERROR SUMMARY: 0 errors from 0 contexts (suppressed: 0 from 0)
==11171== 
==11171== HEAP SUMMARY:
==11171==     in use at exit: 0 bytes in 0 blocks
==11171==   total heap usage: 87 allocs, 87 frees, 47,451 bytes allocated
==11171== 
==11171== All heap blocks were freed -- no leaks are possible
==11171== 
==11171== For counts of detected and suppressed errors, rerun with: -v
==11171== ERROR SUMMARY: 0 errors from 0 contexts (suppressed: 0 from 0)
