==10535== Memcheck, a memory error detector
==10535== Copyright (C) 2002-2015, and GNU GPL'd, by Julian Seward et al.
==10535== Using Valgrind-3.11.0 and LibVEX; rerun with -h for copyright info
==10535== Command: ./test/test
==10535== Parent PID: 3980
==10535== 
==10538== 
==10538== HEAP SUMMARY:
==10538==     in use at exit: 2,012 bytes in 45 blocks
==10538==   total heap usage: 103 allocs, 58 frees, 82,719 bytes allocated
==10538== 
==10538== LEAK SUMMARY:
==10538==    definitely lost: 0 bytes in 0 blocks
==10538==    indirectly lost: 0 bytes in 0 blocks
==10538==      possibly lost: 0 bytes in 0 blocks
==10538==    still reachable: 2,012 bytes in 45 blocks
==10538==         suppressed: 0 bytes in 0 blocks
==10538== Reachable blocks (those to which a pointer was found) are not shown.
==10538== To see them, rerun with: --leak-check=full --show-leak-kinds=all
==10538== 
==10538== For counts of detected and suppressed errors, rerun with: -v
==10538== ERROR SUMMARY: 0 errors from 0 contexts (suppressed: 0 from 0)
==10539== 
==10539== HEAP SUMMARY:
==10539==     in use at exit: 2,089 bytes in 48 blocks
==10539==   total heap usage: 128 allocs, 80 frees, 96,251 bytes allocated
==10539== 
==10539== LEAK SUMMARY:
==10539==    definitely lost: 0 bytes in 0 blocks
==10539==    indirectly lost: 0 bytes in 0 blocks
==10539==      possibly lost: 0 bytes in 0 blocks
==10539==    still reachable: 2,089 bytes in 48 blocks
==10539==         suppressed: 0 bytes in 0 blocks
==10539== Reachable blocks (those to which a pointer was found) are not shown.
==10539== To see them, rerun with: --leak-check=full --show-leak-kinds=all
==10539== 
==10539== For counts of detected and suppressed errors, rerun with: -v
==10539== ERROR SUMMARY: 0 errors from 0 contexts (suppressed: 0 from 0)
==10535== 
==10535== HEAP SUMMARY:
==10535==     in use at exit: 0 bytes in 0 blocks
==10535==   total heap usage: 107 allocs, 107 frees, 47,731 bytes allocated
==10535== 
==10535== All heap blocks were freed -- no leaks are possible
==10535== 
==10535== For counts of detected and suppressed errors, rerun with: -v
==10535== ERROR SUMMARY: 0 errors from 0 contexts (suppressed: 0 from 0)
