==14715== Memcheck, a memory error detector
==14715== Copyright (C) 2002-2015, and GNU GPL'd, by Julian Seward et al.
==14715== Using Valgrind-3.11.0 and LibVEX; rerun with -h for copyright info
==14715== Command: ./test/test
==14715== Parent PID: 26004
==14715== 
==14719== 
==14719== HEAP SUMMARY:
==14719==     in use at exit: 2,564 bytes in 46 blocks
==14719==   total heap usage: 78 allocs, 32 frees, 34,274 bytes allocated
==14719== 
==14719== LEAK SUMMARY:
==14719==    definitely lost: 0 bytes in 0 blocks
==14719==    indirectly lost: 0 bytes in 0 blocks
==14719==      possibly lost: 0 bytes in 0 blocks
==14719==    still reachable: 2,564 bytes in 46 blocks
==14719==         suppressed: 0 bytes in 0 blocks
==14719== Reachable blocks (those to which a pointer was found) are not shown.
==14719== To see them, rerun with: --leak-check=full --show-leak-kinds=all
==14719== 
==14719== For counts of detected and suppressed errors, rerun with: -v
==14719== ERROR SUMMARY: 0 errors from 0 contexts (suppressed: 0 from 0)
==14720== 
==14720== HEAP SUMMARY:
==14720==     in use at exit: 2,089 bytes in 48 blocks
==14720==   total heap usage: 108 allocs, 60 frees, 39,056 bytes allocated
==14720== 
==14720== LEAK SUMMARY:
==14720==    definitely lost: 0 bytes in 0 blocks
==14720==    indirectly lost: 0 bytes in 0 blocks
==14720==      possibly lost: 0 bytes in 0 blocks
==14720==    still reachable: 2,089 bytes in 48 blocks
==14720==         suppressed: 0 bytes in 0 blocks
==14720== Reachable blocks (those to which a pointer was found) are not shown.
==14720== To see them, rerun with: --leak-check=full --show-leak-kinds=all
==14720== 
==14720== For counts of detected and suppressed errors, rerun with: -v
==14720== ERROR SUMMARY: 0 errors from 0 contexts (suppressed: 0 from 0)
==14715== 
==14715== HEAP SUMMARY:
==14715==     in use at exit: 0 bytes in 0 blocks
==14715==   total heap usage: 107 allocs, 107 frees, 47,731 bytes allocated
==14715== 
==14715== All heap blocks were freed -- no leaks are possible
==14715== 
==14715== For counts of detected and suppressed errors, rerun with: -v
==14715== ERROR SUMMARY: 0 errors from 0 contexts (suppressed: 0 from 0)
