==6573== Memcheck, a memory error detector
==6573== Copyright (C) 2002-2015, and GNU GPL'd, by Julian Seward et al.
==6573== Using Valgrind-3.11.0 and LibVEX; rerun with -h for copyright info
==6573== Command: ./test/test
==6573== Parent PID: 2816
==6573== 
==6576== 
==6576== HEAP SUMMARY:
==6576==     in use at exit: 2,340 bytes in 60 blocks
==6576==   total heap usage: 88 allocs, 28 frees, 25,536 bytes allocated
==6576== 
==6576== LEAK SUMMARY:
==6576==    definitely lost: 0 bytes in 0 blocks
==6576==    indirectly lost: 0 bytes in 0 blocks
==6576==      possibly lost: 0 bytes in 0 blocks
==6576==    still reachable: 2,340 bytes in 60 blocks
==6576==         suppressed: 0 bytes in 0 blocks
==6576== Reachable blocks (those to which a pointer was found) are not shown.
==6576== To see them, rerun with: --leak-check=full --show-leak-kinds=all
==6576== 
==6576== For counts of detected and suppressed errors, rerun with: -v
==6576== ERROR SUMMARY: 0 errors from 0 contexts (suppressed: 0 from 0)
==6577== 
==6577== HEAP SUMMARY:
==6577==     in use at exit: 2,417 bytes in 63 blocks
==6577==   total heap usage: 102 allocs, 39 frees, 38,921 bytes allocated
==6577== 
==6577== LEAK SUMMARY:
==6577==    definitely lost: 0 bytes in 0 blocks
==6577==    indirectly lost: 0 bytes in 0 blocks
==6577==      possibly lost: 0 bytes in 0 blocks
==6577==    still reachable: 2,417 bytes in 63 blocks
==6577==         suppressed: 0 bytes in 0 blocks
==6577== Reachable blocks (those to which a pointer was found) are not shown.
==6577== To see them, rerun with: --leak-check=full --show-leak-kinds=all
==6577== 
==6577== For counts of detected and suppressed errors, rerun with: -v
==6577== ERROR SUMMARY: 0 errors from 0 contexts (suppressed: 0 from 0)
==6578== 
==6578== HEAP SUMMARY:
==6578==     in use at exit: 2,502 bytes in 66 blocks
==6578==   total heap usage: 114 allocs, 48 frees, 52,034 bytes allocated
==6578== 
==6578== LEAK SUMMARY:
==6578==    definitely lost: 0 bytes in 0 blocks
==6578==    indirectly lost: 0 bytes in 0 blocks
==6578==      possibly lost: 0 bytes in 0 blocks
==6578==    still reachable: 2,502 bytes in 66 blocks
==6578==         suppressed: 0 bytes in 0 blocks
==6578== Reachable blocks (those to which a pointer was found) are not shown.
==6578== To see them, rerun with: --leak-check=full --show-leak-kinds=all
==6578== 
==6578== For counts of detected and suppressed errors, rerun with: -v
==6578== ERROR SUMMARY: 0 errors from 0 contexts (suppressed: 0 from 0)
==6573== 
==6573== HEAP SUMMARY:
==6573==     in use at exit: 0 bytes in 0 blocks
==6573==   total heap usage: 116 allocs, 116 frees, 61,024 bytes allocated
==6573== 
==6573== All heap blocks were freed -- no leaks are possible
==6573== 
==6573== For counts of detected and suppressed errors, rerun with: -v
==6573== ERROR SUMMARY: 0 errors from 0 contexts (suppressed: 0 from 0)
