==6689== Memcheck, a memory error detector
==6689== Copyright (C) 2002-2015, and GNU GPL'd, by Julian Seward et al.
==6689== Using Valgrind-3.11.0 and LibVEX; rerun with -h for copyright info
==6689== Command: ./test/test
==6689== Parent PID: 4705
==6689== 
==6692== 
==6692== HEAP SUMMARY:
==6692==     in use at exit: 1,690 bytes in 30 blocks
==6692==   total heap usage: 51 allocs, 21 frees, 24,770 bytes allocated
==6692== 
==6692== LEAK SUMMARY:
==6692==    definitely lost: 0 bytes in 0 blocks
==6692==    indirectly lost: 0 bytes in 0 blocks
==6692==      possibly lost: 0 bytes in 0 blocks
==6692==    still reachable: 1,690 bytes in 30 blocks
==6692==         suppressed: 0 bytes in 0 blocks
==6692== Reachable blocks (those to which a pointer was found) are not shown.
==6692== To see them, rerun with: --leak-check=full --show-leak-kinds=all
==6692== 
==6692== For counts of detected and suppressed errors, rerun with: -v
==6692== ERROR SUMMARY: 0 errors from 0 contexts (suppressed: 0 from 0)
==6689== 
==6689== HEAP SUMMARY:
==6689==     in use at exit: 0 bytes in 0 blocks
==6689==   total heap usage: 58 allocs, 58 frees, 33,908 bytes allocated
==6689== 
==6689== All heap blocks were freed -- no leaks are possible
==6689== 
==6689== For counts of detected and suppressed errors, rerun with: -v
==6689== ERROR SUMMARY: 0 errors from 0 contexts (suppressed: 0 from 0)
