==16385== Memcheck, a memory error detector
==16385== Copyright (C) 2002-2015, and GNU GPL'd, by Julian Seward et al.
==16385== Using Valgrind-3.11.0 and LibVEX; rerun with -h for copyright info
==16385== Command: ./test/test
==16385== Parent PID: 5201
==16385== 
==16388== 
==16388== HEAP SUMMARY:
==16388==     in use at exit: 2,012 bytes in 45 blocks
==16388==   total heap usage: 95 allocs, 50 frees, 83,628 bytes allocated
==16388== 
==16388== LEAK SUMMARY:
==16388==    definitely lost: 0 bytes in 0 blocks
==16388==    indirectly lost: 0 bytes in 0 blocks
==16388==      possibly lost: 0 bytes in 0 blocks
==16388==    still reachable: 2,012 bytes in 45 blocks
==16388==         suppressed: 0 bytes in 0 blocks
==16388== Reachable blocks (those to which a pointer was found) are not shown.
==16388== To see them, rerun with: --leak-check=full --show-leak-kinds=all
==16388== 
==16388== For counts of detected and suppressed errors, rerun with: -v
==16388== ERROR SUMMARY: 0 errors from 0 contexts (suppressed: 0 from 0)
==16389== 
==16389== HEAP SUMMARY:
==16389==     in use at exit: 2,089 bytes in 48 blocks
==16389==   total heap usage: 106 allocs, 58 frees, 96,725 bytes allocated
==16389== 
==16389== LEAK SUMMARY:
==16389==    definitely lost: 0 bytes in 0 blocks
==16389==    indirectly lost: 0 bytes in 0 blocks
==16389==      possibly lost: 0 bytes in 0 blocks
==16389==    still reachable: 2,089 bytes in 48 blocks
==16389==         suppressed: 0 bytes in 0 blocks
==16389== Reachable blocks (those to which a pointer was found) are not shown.
==16389== To see them, rerun with: --leak-check=full --show-leak-kinds=all
==16389== 
==16389== For counts of detected and suppressed errors, rerun with: -v
==16389== ERROR SUMMARY: 0 errors from 0 contexts (suppressed: 0 from 0)
==16385== 
==16385== HEAP SUMMARY:
==16385==     in use at exit: 0 bytes in 0 blocks
==16385==   total heap usage: 87 allocs, 87 frees, 47,451 bytes allocated
==16385== 
==16385== All heap blocks were freed -- no leaks are possible
==16385== 
==16385== For counts of detected and suppressed errors, rerun with: -v
==16385== ERROR SUMMARY: 0 errors from 0 contexts (suppressed: 0 from 0)
