==13537== Memcheck, a memory error detector
==13537== Copyright (C) 2002-2015, and GNU GPL'd, by Julian Seward et al.
==13537== Using Valgrind-3.11.0 and LibVEX; rerun with -h for copyright info
==13537== Command: ./test/test
==13537== Parent PID: 3146
==13537== 
==13542== 
==13542== HEAP SUMMARY:
==13542==     in use at exit: 3,548 bytes in 91 blocks
==13542==   total heap usage: 132 allocs, 41 frees, 31,948 bytes allocated
==13542== 
==13542== LEAK SUMMARY:
==13542==    definitely lost: 0 bytes in 0 blocks
==13542==    indirectly lost: 0 bytes in 0 blocks
==13542==      possibly lost: 0 bytes in 0 blocks
==13542==    still reachable: 3,548 bytes in 91 blocks
==13542==         suppressed: 0 bytes in 0 blocks
==13542== Reachable blocks (those to which a pointer was found) are not shown.
==13542== To see them, rerun with: --leak-check=full --show-leak-kinds=all
==13542== 
==13542== For counts of detected and suppressed errors, rerun with: -v
==13542== ERROR SUMMARY: 0 errors from 0 contexts (suppressed: 1 from 1)
==13543== 
==13543== HEAP SUMMARY:
==13543==     in use at exit: 3,625 bytes in 94 blocks
==13543==   total heap usage: 152 allocs, 58 frees, 48,069 bytes allocated
==13543== 
==13543== LEAK SUMMARY:
==13543==    definitely lost: 0 bytes in 0 blocks
==13543==    indirectly lost: 0 bytes in 0 blocks
==13543==      possibly lost: 0 bytes in 0 blocks
==13543==    still reachable: 3,625 bytes in 94 blocks
==13543==         suppressed: 0 bytes in 0 blocks
==13543== Reachable blocks (those to which a pointer was found) are not shown.
==13543== To see them, rerun with: --leak-check=full --show-leak-kinds=all
==13543== 
==13543== For counts of detected and suppressed errors, rerun with: -v
==13543== ERROR SUMMARY: 0 errors from 0 contexts (suppressed: 1 from 1)
==13544== 
==13544== HEAP SUMMARY:
==13544==     in use at exit: 3,710 bytes in 97 blocks
==13544==   total heap usage: 156 allocs, 59 frees, 58,270 bytes allocated
==13544== 
==13544== LEAK SUMMARY:
==13544==    definitely lost: 0 bytes in 0 blocks
==13544==    indirectly lost: 0 bytes in 0 blocks
==13544==      possibly lost: 0 bytes in 0 blocks
==13544==    still reachable: 3,710 bytes in 97 blocks
==13544==         suppressed: 0 bytes in 0 blocks
==13544== Reachable blocks (those to which a pointer was found) are not shown.
==13544== To see them, rerun with: --leak-check=full --show-leak-kinds=all
==13544== 
==13544== For counts of detected and suppressed errors, rerun with: -v
==13544== ERROR SUMMARY: 0 errors from 0 contexts (suppressed: 1 from 1)
==13549== 
==13549== HEAP SUMMARY:
==13549==     in use at exit: 3,803 bytes in 100 blocks
==13549==   total heap usage: 168 allocs, 68 frees, 71,399 bytes allocated
==13549== 
==13549== LEAK SUMMARY:
==13549==    definitely lost: 0 bytes in 0 blocks
==13549==    indirectly lost: 0 bytes in 0 blocks
==13549==      possibly lost: 0 bytes in 0 blocks
==13549==    still reachable: 3,803 bytes in 100 blocks
==13549==         suppressed: 0 bytes in 0 blocks
==13549== Reachable blocks (those to which a pointer was found) are not shown.
==13549== To see them, rerun with: --leak-check=full --show-leak-kinds=all
==13549== 
==13549== For counts of detected and suppressed errors, rerun with: -v
==13549== ERROR SUMMARY: 0 errors from 0 contexts (suppressed: 1 from 1)
==13550== 
==13550== HEAP SUMMARY:
==13550==     in use at exit: 3,880 bytes in 103 blocks
==13550==   total heap usage: 180 allocs, 77 frees, 84,664 bytes allocated
==13550== 
==13550== LEAK SUMMARY:
==13550==    definitely lost: 0 bytes in 0 blocks
==13550==    indirectly lost: 0 bytes in 0 blocks
==13550==      possibly lost: 0 bytes in 0 blocks
==13550==    still reachable: 3,880 bytes in 103 blocks
==13550==         suppressed: 0 bytes in 0 blocks
==13550== Reachable blocks (those to which a pointer was found) are not shown.
==13550== To see them, rerun with: --leak-check=full --show-leak-kinds=all
==13550== 
==13550== For counts of detected and suppressed errors, rerun with: -v
==13550== ERROR SUMMARY: 0 errors from 0 contexts (suppressed: 1 from 1)
==13537== 
==13537== HEAP SUMMARY:
==13537==     in use at exit: 0 bytes in 0 blocks
==13537==   total heap usage: 172 allocs, 172 frees, 88,170 bytes allocated
==13537== 
==13537== All heap blocks were freed -- no leaks are possible
==13537== 
==13537== For counts of detected and suppressed errors, rerun with: -v
==13537== ERROR SUMMARY: 0 errors from 0 contexts (suppressed: 1 from 1)
