==28984== Memcheck, a memory error detector
==28984== Copyright (C) 2002-2015, and GNU GPL'd, by Julian Seward et al.
==28984== Using Valgrind-3.11.0 and LibVEX; rerun with -h for copyright info
==28984== Command: ./test/test
==28984== Parent PID: 26004
==28984== 
==28987== 
==28987== HEAP SUMMARY:
==28987==     in use at exit: 1,690 bytes in 30 blocks
==28987==   total heap usage: 55 allocs, 25 frees, 25,066 bytes allocated
==28987== 
==28987== LEAK SUMMARY:
==28987==    definitely lost: 0 bytes in 0 blocks
==28987==    indirectly lost: 0 bytes in 0 blocks
==28987==      possibly lost: 0 bytes in 0 blocks
==28987==    still reachable: 1,690 bytes in 30 blocks
==28987==         suppressed: 0 bytes in 0 blocks
==28987== Reachable blocks (those to which a pointer was found) are not shown.
==28987== To see them, rerun with: --leak-check=full --show-leak-kinds=all
==28987== 
==28987== For counts of detected and suppressed errors, rerun with: -v
==28987== ERROR SUMMARY: 0 errors from 0 contexts (suppressed: 0 from 0)
==28984== 
==28984== HEAP SUMMARY:
==28984==     in use at exit: 0 bytes in 0 blocks
==28984==   total heap usage: 58 allocs, 58 frees, 33,908 bytes allocated
==28984== 
==28984== All heap blocks were freed -- no leaks are possible
==28984== 
==28984== For counts of detected and suppressed errors, rerun with: -v
==28984== ERROR SUMMARY: 0 errors from 0 contexts (suppressed: 0 from 0)
