==9437== Memcheck, a memory error detector
==9437== Copyright (C) 2002-2015, and GNU GPL'd, by Julian Seward et al.
==9437== Using Valgrind-3.11.0 and LibVEX; rerun with -h for copyright info
==9437== Command: ./test/test
==9437== Parent PID: 7092
==9437== 
==9443== 
==9443== HEAP SUMMARY:
==9443==     in use at exit: 2,012 bytes in 45 blocks
==9443==   total heap usage: 73 allocs, 28 frees, 25,217 bytes allocated
==9443== 
==9443== LEAK SUMMARY:
==9443==    definitely lost: 0 bytes in 0 blocks
==9443==    indirectly lost: 0 bytes in 0 blocks
==9443==      possibly lost: 0 bytes in 0 blocks
==9443==    still reachable: 2,012 bytes in 45 blocks
==9443==         suppressed: 0 bytes in 0 blocks
==9443== Reachable blocks (those to which a pointer was found) are not shown.
==9443== To see them, rerun with: --leak-check=full --show-leak-kinds=all
==9443== 
==9443== For counts of detected and suppressed errors, rerun with: -v
==9443== ERROR SUMMARY: 0 errors from 0 contexts (suppressed: 0 from 0)
==9444== 
==9444== HEAP SUMMARY:
==9444==     in use at exit: 2,089 bytes in 48 blocks
==9444==   total heap usage: 92 allocs, 44 frees, 38,437 bytes allocated
==9444== 
==9444== LEAK SUMMARY:
==9444==    definitely lost: 0 bytes in 0 blocks
==9444==    indirectly lost: 0 bytes in 0 blocks
==9444==      possibly lost: 0 bytes in 0 blocks
==9444==    still reachable: 2,089 bytes in 48 blocks
==9444==         suppressed: 0 bytes in 0 blocks
==9444== Reachable blocks (those to which a pointer was found) are not shown.
==9444== To see them, rerun with: --leak-check=full --show-leak-kinds=all
==9444== 
==9444== For counts of detected and suppressed errors, rerun with: -v
==9444== ERROR SUMMARY: 0 errors from 0 contexts (suppressed: 0 from 0)
==9437== 
==9437== HEAP SUMMARY:
==9437==     in use at exit: 0 bytes in 0 blocks
==9437==   total heap usage: 101 allocs, 101 frees, 47,647 bytes allocated
==9437== 
==9437== All heap blocks were freed -- no leaks are possible
==9437== 
==9437== For counts of detected and suppressed errors, rerun with: -v
==9437== ERROR SUMMARY: 0 errors from 0 contexts (suppressed: 0 from 0)
