==5130== Memcheck, a memory error detector
==5130== Copyright (C) 2002-2015, and GNU GPL'd, by Julian Seward et al.
==5130== Using Valgrind-3.11.0 and LibVEX; rerun with -h for copyright info
==5130== Command: ./test/test
==5130== Parent PID: 3966
==5130== 
==5133== Invalid read of size 1
==5133==    at 0x4C30F74: strlen (in /usr/lib/valgrind/vgpreload_memcheck-amd64-linux.so)
==5133==    by 0x402EC1: korsoroi (source.c:67)
==5133==    by 0x40201E: test_korsoroi (test_source.c:30)
==5133==    by 0x406C42: srunner_run (in /home/andrew/NetBeansProjects/2016-aalto-c/Module_2-08_korso/test/test)
==5133==    by 0x402527: tmc_run_tests (tmc-check.c:122)
==5133==    by 0x4021E2: main (test_source.c:53)
==5133==  Address 0x5b3af78 is 0 bytes after a block of size 200 alloc'd
==5133==    at 0x4C2DB8F: malloc (in /usr/lib/valgrind/vgpreload_memcheck-amd64-linux.so)
==5133==    by 0x401FA6: test_korsoroi (test_source.c:26)
==5133==    by 0x406C42: srunner_run (in /home/andrew/NetBeansProjects/2016-aalto-c/Module_2-08_korso/test/test)
==5133==    by 0x402527: tmc_run_tests (tmc-check.c:122)
==5133==    by 0x4021E2: main (test_source.c:53)
==5133== 
==5133== 
==5133== HEAP SUMMARY:
==5133==     in use at exit: 1,690 bytes in 30 blocks
==5133==   total heap usage: 52 allocs, 22 frees, 24,970 bytes allocated
==5133== 
==5133== LEAK SUMMARY:
==5133==    definitely lost: 0 bytes in 0 blocks
==5133==    indirectly lost: 0 bytes in 0 blocks
==5133==      possibly lost: 0 bytes in 0 blocks
==5133==    still reachable: 1,690 bytes in 30 blocks
==5133==         suppressed: 0 bytes in 0 blocks
==5133== Reachable blocks (those to which a pointer was found) are not shown.
==5133== To see them, rerun with: --leak-check=full --show-leak-kinds=all
==5133== 
==5133== For counts of detected and suppressed errors, rerun with: -v
==5133== ERROR SUMMARY: 128 errors from 1 contexts (suppressed: 0 from 0)
==5130== 
==5130== HEAP SUMMARY:
==5130==     in use at exit: 0 bytes in 0 blocks
==5130==   total heap usage: 58 allocs, 58 frees, 33,908 bytes allocated
==5130== 
==5130== All heap blocks were freed -- no leaks are possible
==5130== 
==5130== For counts of detected and suppressed errors, rerun with: -v
==5130== ERROR SUMMARY: 0 errors from 0 contexts (suppressed: 0 from 0)
