==18764== Memcheck, a memory error detector
==18764== Copyright (C) 2002-2015, and GNU GPL'd, by Julian Seward et al.
==18764== Using Valgrind-3.11.0 and LibVEX; rerun with -h for copyright info
==18764== Command: ./test/test
==18764== Parent PID: 17483
==18764== 
==18767== 
==18767== HEAP SUMMARY:
==18767==     in use at exit: 2,012 bytes in 45 blocks
==18767==   total heap usage: 74 allocs, 29 frees, 30,444 bytes allocated
==18767== 
==18767== LEAK SUMMARY:
==18767==    definitely lost: 0 bytes in 0 blocks
==18767==    indirectly lost: 0 bytes in 0 blocks
==18767==      possibly lost: 0 bytes in 0 blocks
==18767==    still reachable: 2,012 bytes in 45 blocks
==18767==         suppressed: 0 bytes in 0 blocks
==18767== Reachable blocks (those to which a pointer was found) are not shown.
==18767== To see them, rerun with: --leak-check=full --show-leak-kinds=all
==18767== 
==18767== For counts of detected and suppressed errors, rerun with: -v
==18767== ERROR SUMMARY: 0 errors from 0 contexts (suppressed: 0 from 0)
==18768== 
==18768== HEAP SUMMARY:
==18768==     in use at exit: 2,089 bytes in 48 blocks
==18768==   total heap usage: 91 allocs, 43 frees, 52,364 bytes allocated
==18768== 
==18768== LEAK SUMMARY:
==18768==    definitely lost: 0 bytes in 0 blocks
==18768==    indirectly lost: 0 bytes in 0 blocks
==18768==      possibly lost: 0 bytes in 0 blocks
==18768==    still reachable: 2,089 bytes in 48 blocks
==18768==         suppressed: 0 bytes in 0 blocks
==18768== Reachable blocks (those to which a pointer was found) are not shown.
==18768== To see them, rerun with: --leak-check=full --show-leak-kinds=all
==18768== 
==18768== For counts of detected and suppressed errors, rerun with: -v
==18768== ERROR SUMMARY: 0 errors from 0 contexts (suppressed: 0 from 0)
==18764== 
==18764== HEAP SUMMARY:
==18764==     in use at exit: 0 bytes in 0 blocks
==18764==   total heap usage: 89 allocs, 89 frees, 47,479 bytes allocated
==18764== 
==18764== All heap blocks were freed -- no leaks are possible
==18764== 
==18764== For counts of detected and suppressed errors, rerun with: -v
==18764== ERROR SUMMARY: 0 errors from 0 contexts (suppressed: 0 from 0)
