==5091== Memcheck, a memory error detector
==5091== Copyright (C) 2002-2015, and GNU GPL'd, by Julian Seward et al.
==5091== Using Valgrind-3.11.0 and LibVEX; rerun with -h for copyright info
==5091== Command: ./test/test
==5091== Parent PID: 4705
==5091== 
==5095== 
==5095== HEAP SUMMARY:
==5095==     in use at exit: 2,012 bytes in 45 blocks
==5095==   total heap usage: 71 allocs, 26 frees, 33,875 bytes allocated
==5095== 
==5095== LEAK SUMMARY:
==5095==    definitely lost: 0 bytes in 0 blocks
==5095==    indirectly lost: 0 bytes in 0 blocks
==5095==      possibly lost: 0 bytes in 0 blocks
==5095==    still reachable: 2,012 bytes in 45 blocks
==5095==         suppressed: 0 bytes in 0 blocks
==5095== Reachable blocks (those to which a pointer was found) are not shown.
==5095== To see them, rerun with: --leak-check=full --show-leak-kinds=all
==5095== 
==5095== For counts of detected and suppressed errors, rerun with: -v
==5095== ERROR SUMMARY: 0 errors from 0 contexts (suppressed: 0 from 0)
==5096== 
==5096== HEAP SUMMARY:
==5096==     in use at exit: 2,089 bytes in 48 blocks
==5096==   total heap usage: 84 allocs, 36 frees, 47,000 bytes allocated
==5096== 
==5096== LEAK SUMMARY:
==5096==    definitely lost: 0 bytes in 0 blocks
==5096==    indirectly lost: 0 bytes in 0 blocks
==5096==      possibly lost: 0 bytes in 0 blocks
==5096==    still reachable: 2,089 bytes in 48 blocks
==5096==         suppressed: 0 bytes in 0 blocks
==5096== Reachable blocks (those to which a pointer was found) are not shown.
==5096== To see them, rerun with: --leak-check=full --show-leak-kinds=all
==5096== 
==5096== For counts of detected and suppressed errors, rerun with: -v
==5096== ERROR SUMMARY: 0 errors from 0 contexts (suppressed: 0 from 0)
==5091== 
==5091== HEAP SUMMARY:
==5091==     in use at exit: 0 bytes in 0 blocks
==5091==   total heap usage: 91 allocs, 91 frees, 47,507 bytes allocated
==5091== 
==5091== All heap blocks were freed -- no leaks are possible
==5091== 
==5091== For counts of detected and suppressed errors, rerun with: -v
==5091== ERROR SUMMARY: 0 errors from 0 contexts (suppressed: 0 from 0)
