==26610== Memcheck, a memory error detector
==26610== Copyright (C) 2002-2015, and GNU GPL'd, by Julian Seward et al.
==26610== Using Valgrind-3.11.0 and LibVEX; rerun with -h for copyright info
==26610== Command: ./test/test
==26610== Parent PID: 15372
==26610== 
==26613== 
==26613== HEAP SUMMARY:
==26613==     in use at exit: 2,340 bytes in 60 blocks
==26613==   total heap usage: 100 allocs, 40 frees, 70,812 bytes allocated
==26613== 
==26613== LEAK SUMMARY:
==26613==    definitely lost: 0 bytes in 0 blocks
==26613==    indirectly lost: 0 bytes in 0 blocks
==26613==      possibly lost: 0 bytes in 0 blocks
==26613==    still reachable: 2,340 bytes in 60 blocks
==26613==         suppressed: 0 bytes in 0 blocks
==26613== Reachable blocks (those to which a pointer was found) are not shown.
==26613== To see them, rerun with: --leak-check=full --show-leak-kinds=all
==26613== 
==26613== For counts of detected and suppressed errors, rerun with: -v
==26613== ERROR SUMMARY: 0 errors from 0 contexts (suppressed: 0 from 0)
==26614== 
==26614== HEAP SUMMARY:
==26614==     in use at exit: 2,417 bytes in 63 blocks
==26614==   total heap usage: 95 allocs, 32 frees, 42,573 bytes allocated
==26614== 
==26614== LEAK SUMMARY:
==26614==    definitely lost: 0 bytes in 0 blocks
==26614==    indirectly lost: 0 bytes in 0 blocks
==26614==      possibly lost: 0 bytes in 0 blocks
==26614==    still reachable: 2,417 bytes in 63 blocks
==26614==         suppressed: 0 bytes in 0 blocks
==26614== Reachable blocks (those to which a pointer was found) are not shown.
==26614== To see them, rerun with: --leak-check=full --show-leak-kinds=all
==26614== 
==26614== For counts of detected and suppressed errors, rerun with: -v
==26614== ERROR SUMMARY: 0 errors from 0 contexts (suppressed: 0 from 0)
==26615== 
==26615== HEAP SUMMARY:
==26615==     in use at exit: 2,502 bytes in 66 blocks
==26615==   total heap usage: 107 allocs, 41 frees, 55,686 bytes allocated
==26615== 
==26615== LEAK SUMMARY:
==26615==    definitely lost: 0 bytes in 0 blocks
==26615==    indirectly lost: 0 bytes in 0 blocks
==26615==      possibly lost: 0 bytes in 0 blocks
==26615==    still reachable: 2,502 bytes in 66 blocks
==26615==         suppressed: 0 bytes in 0 blocks
==26615== Reachable blocks (those to which a pointer was found) are not shown.
==26615== To see them, rerun with: --leak-check=full --show-leak-kinds=all
==26615== 
==26615== For counts of detected and suppressed errors, rerun with: -v
==26615== ERROR SUMMARY: 0 errors from 0 contexts (suppressed: 0 from 0)
==26610== 
==26610== HEAP SUMMARY:
==26610==     in use at exit: 0 bytes in 0 blocks
==26610==   total heap usage: 116 allocs, 116 frees, 61,024 bytes allocated
==26610== 
==26610== All heap blocks were freed -- no leaks are possible
==26610== 
==26610== For counts of detected and suppressed errors, rerun with: -v
==26610== ERROR SUMMARY: 0 errors from 0 contexts (suppressed: 0 from 0)
