==8393== Memcheck, a memory error detector
==8393== Copyright (C) 2002-2015, and GNU GPL'd, by Julian Seward et al.
==8393== Using Valgrind-3.11.0 and LibVEX; rerun with -h for copyright info
==8393== Command: ./test/test
==8393== Parent PID: 4078
==8393== 
==8396== 
==8396== HEAP SUMMARY:
==8396==     in use at exit: 2,652 bytes in 75 blocks
==8396==   total heap usage: 99 allocs, 24 frees, 25,764 bytes allocated
==8396== 
==8396== LEAK SUMMARY:
==8396==    definitely lost: 0 bytes in 0 blocks
==8396==    indirectly lost: 0 bytes in 0 blocks
==8396==      possibly lost: 0 bytes in 0 blocks
==8396==    still reachable: 2,652 bytes in 75 blocks
==8396==         suppressed: 0 bytes in 0 blocks
==8396== Reachable blocks (those to which a pointer was found) are not shown.
==8396== To see them, rerun with: --leak-check=full --show-leak-kinds=all
==8396== 
==8396== For counts of detected and suppressed errors, rerun with: -v
==8396== ERROR SUMMARY: 0 errors from 0 contexts (suppressed: 0 from 0)
==8397== 
==8397== HEAP SUMMARY:
==8397==     in use at exit: 2,729 bytes in 78 blocks
==8397==   total heap usage: 120 allocs, 42 frees, 39,050 bytes allocated
==8397== 
==8397== LEAK SUMMARY:
==8397==    definitely lost: 0 bytes in 0 blocks
==8397==    indirectly lost: 0 bytes in 0 blocks
==8397==      possibly lost: 0 bytes in 0 blocks
==8397==    still reachable: 2,729 bytes in 78 blocks
==8397==         suppressed: 0 bytes in 0 blocks
==8397== Reachable blocks (those to which a pointer was found) are not shown.
==8397== To see them, rerun with: --leak-check=full --show-leak-kinds=all
==8397== 
==8397== For counts of detected and suppressed errors, rerun with: -v
==8397== ERROR SUMMARY: 0 errors from 0 contexts (suppressed: 0 from 0)
==8398== 
==8398== HEAP SUMMARY:
==8398==     in use at exit: 2,814 bytes in 81 blocks
==8398==   total heap usage: 139 allocs, 58 frees, 52,248 bytes allocated
==8398== 
==8398== LEAK SUMMARY:
==8398==    definitely lost: 0 bytes in 0 blocks
==8398==    indirectly lost: 0 bytes in 0 blocks
==8398==      possibly lost: 0 bytes in 0 blocks
==8398==    still reachable: 2,814 bytes in 81 blocks
==8398==         suppressed: 0 bytes in 0 blocks
==8398== Reachable blocks (those to which a pointer was found) are not shown.
==8398== To see them, rerun with: --leak-check=full --show-leak-kinds=all
==8398== 
==8398== For counts of detected and suppressed errors, rerun with: -v
==8398== ERROR SUMMARY: 0 errors from 0 contexts (suppressed: 0 from 0)
==8399== 
==8399== HEAP SUMMARY:
==8399==     in use at exit: 2,907 bytes in 84 blocks
==8399==   total heap usage: 151 allocs, 67 frees, 65,377 bytes allocated
==8399== 
==8399== LEAK SUMMARY:
==8399==    definitely lost: 0 bytes in 0 blocks
==8399==    indirectly lost: 0 bytes in 0 blocks
==8399==      possibly lost: 0 bytes in 0 blocks
==8399==    still reachable: 2,907 bytes in 84 blocks
==8399==         suppressed: 0 bytes in 0 blocks
==8399== Reachable blocks (those to which a pointer was found) are not shown.
==8399== To see them, rerun with: --leak-check=full --show-leak-kinds=all
==8399== 
==8399== For counts of detected and suppressed errors, rerun with: -v
==8399== ERROR SUMMARY: 0 errors from 0 contexts (suppressed: 0 from 0)
==8393== 
==8393== HEAP SUMMARY:
==8393==     in use at exit: 0 bytes in 0 blocks
==8393==   total heap usage: 143 allocs, 143 frees, 74,533 bytes allocated
==8393== 
==8393== All heap blocks were freed -- no leaks are possible
==8393== 
==8393== For counts of detected and suppressed errors, rerun with: -v
==8393== ERROR SUMMARY: 0 errors from 0 contexts (suppressed: 0 from 0)
