==16465== Memcheck, a memory error detector
==16465== Copyright (C) 2002-2015, and GNU GPL'd, by Julian Seward et al.
==16465== Using Valgrind-3.11.0 and LibVEX; rerun with -h for copyright info
==16465== Command: ./test/test
==16465== Parent PID: 5855
==16465== 
==16468== 
==16468== HEAP SUMMARY:
==16468==     in use at exit: 2,340 bytes in 60 blocks
==16468==   total heap usage: 86 allocs, 26 frees, 34,188 bytes allocated
==16468== 
==16468== LEAK SUMMARY:
==16468==    definitely lost: 0 bytes in 0 blocks
==16468==    indirectly lost: 0 bytes in 0 blocks
==16468==      possibly lost: 0 bytes in 0 blocks
==16468==    still reachable: 2,340 bytes in 60 blocks
==16468==         suppressed: 0 bytes in 0 blocks
==16468== Reachable blocks (those to which a pointer was found) are not shown.
==16468== To see them, rerun with: --leak-check=full --show-leak-kinds=all
==16468== 
==16468== For counts of detected and suppressed errors, rerun with: -v
==16468== ERROR SUMMARY: 0 errors from 0 contexts (suppressed: 0 from 0)
==16469== 
==16469== HEAP SUMMARY:
==16469==     in use at exit: 2,417 bytes in 63 blocks
==16469==   total heap usage: 97 allocs, 34 frees, 47,285 bytes allocated
==16469== 
==16469== LEAK SUMMARY:
==16469==    definitely lost: 0 bytes in 0 blocks
==16469==    indirectly lost: 0 bytes in 0 blocks
==16469==      possibly lost: 0 bytes in 0 blocks
==16469==    still reachable: 2,417 bytes in 63 blocks
==16469==         suppressed: 0 bytes in 0 blocks
==16469== Reachable blocks (those to which a pointer was found) are not shown.
==16469== To see them, rerun with: --leak-check=full --show-leak-kinds=all
==16469== 
==16469== For counts of detected and suppressed errors, rerun with: -v
==16469== ERROR SUMMARY: 0 errors from 0 contexts (suppressed: 0 from 0)
==16470== 
==16470== HEAP SUMMARY:
==16470==     in use at exit: 2,502 bytes in 66 blocks
==16470==   total heap usage: 109 allocs, 43 frees, 60,398 bytes allocated
==16470== 
==16470== LEAK SUMMARY:
==16470==    definitely lost: 0 bytes in 0 blocks
==16470==    indirectly lost: 0 bytes in 0 blocks
==16470==      possibly lost: 0 bytes in 0 blocks
==16470==    still reachable: 2,502 bytes in 66 blocks
==16470==         suppressed: 0 bytes in 0 blocks
==16470== Reachable blocks (those to which a pointer was found) are not shown.
==16470== To see them, rerun with: --leak-check=full --show-leak-kinds=all
==16470== 
==16470== For counts of detected and suppressed errors, rerun with: -v
==16470== ERROR SUMMARY: 0 errors from 0 contexts (suppressed: 0 from 0)
==16465== 
==16465== HEAP SUMMARY:
==16465==     in use at exit: 0 bytes in 0 blocks
==16465==   total heap usage: 116 allocs, 116 frees, 61,024 bytes allocated
==16465== 
==16465== All heap blocks were freed -- no leaks are possible
==16465== 
==16465== For counts of detected and suppressed errors, rerun with: -v
==16465== ERROR SUMMARY: 0 errors from 0 contexts (suppressed: 0 from 0)
